<?xml version="1.0" encoding="UTF-8"?>
<!-- Generated by org.testng.reporters.JUnitReportReporter -->
<testsuite hostname="NareshPc" failures="0" tests="3" name="com.cognizant.script.SpicejetScript" time="31.150" errors="0" timestamp="2020-11-09T16:49:16 IST" skipped="0">
  <testcase classname="com.cognizant.script.SpicejetScript" name="Invoke" time="5.673"/>
  <system-out/>
  <testcase classname="com.cognizant.script.SpicejetScript" name="EnteringDetails" time="24.020"/>
  <system-out/>
  <testcase classname="com.cognizant.script.SpicejetScript" name="FirstFlight" time="1.457"/>
  <system-out/>
</testsuite> <!-- com.cognizant.script.SpicejetScript -->
